<?xml version="1.0" encoding="UTF-8"?>
<testng-results ignored="0" total="2" passed="2" failed="0" skipped="0">
  <reporter-output>
  </reporter-output>
  <suite started-at="2024-05-21T23:52:31 IST" name="Default Suite" finished-at="2024-05-21T23:52:35 IST" duration-ms="4402">
    <groups>
    </groups>
    <test started-at="2024-05-21T23:52:31 IST" name="API" finished-at="2024-05-21T23:52:35 IST" duration-ms="4402">
      <class name="ApiTests">
        <test-method signature="test1()[pri:0, instance:ApiTests@4de4b452]" started-at="2024-05-21T23:52:31 IST" name="test1" finished-at="2024-05-21T23:52:33 IST" duration-ms="2659" status="PASS">
          <reporter-output>
          </reporter-output>
        </test-method> <!-- test1 -->
        <test-method signature="test2()[pri:0, instance:ApiTests@4de4b452]" started-at="2024-05-21T23:52:33 IST" name="test2" finished-at="2024-05-21T23:52:35 IST" duration-ms="1665" status="PASS">
          <reporter-output>
          </reporter-output>
        </test-method> <!-- test2 -->
      </class> <!-- ApiTests -->
    </test> <!-- API -->
  </suite> <!-- Default Suite -->
</testng-results>
